Arguments: 
  /Users/waiyin/.nvm/versions/node/v8.11.4/bin/node /usr/local/Cellar/yarn/1.12.1/libexec/bin/yarn.js run build:001

PATH: 
  /Users/waiyin/.nvm/versions/node/v8.11.4/bin:/usr/local/bin:/usr/bin:/bin:/usr/sbin:/sbin:/Library/Frameworks/Mono.framework/Versions/Current/Commands

Yarn version: 
  1.12.1

Node version: 
  8.11.4

Platform: 
  darwin x64

Trace: 
  SyntaxError: /Users/waiyin/Pulse-iD/projects/_WY_experiments/code-splitting/package.json: Unexpected token } in JSON at position 389
      at JSON.parse (<anonymous>)
      at /usr/local/Cellar/yarn/1.12.1/libexec/lib/cli.js:1166:59
      at Generator.next (<anonymous>)
      at step (/usr/local/Cellar/yarn/1.12.1/libexec/lib/cli.js:92:30)
      at /usr/local/Cellar/yarn/1.12.1/libexec/lib/cli.js:103:13
      at <anonymous>

npm manifest: 
  {
    "name": "code-splitting",
    "version": "1.0.0",
    "description": "",
    "main": "index.js",
    "scripts": {
      "start:001": "webpack-dev-server --config webpack.1.config.js",
      "start:002": "webpack-dev-server --config webpack.2.config.js",
  
      "build:001": "rm -r dist | webpack --config webpack.1.config.js",
      "build:002": "rm -r dist | webpack --config webpack.2.config.js",
    },
    "author": "LWY",
    "license": "ISC",
    "dependencies": {
      "axios": "^0.19.0",
      "chalk": "^2.4.2",
      "immutable": "^4.0.0-rc.12",
      "lodash": "^4.17.11",
      "moment": "^2.24.0",
      "react": "^16.8.6",
      "react-dom": "^16.8.6"
    },
    "devDependencies": {
      "html-webpack-plugin": "^3.2.0",
      "uglifyjs-webpack-plugin": "^2.1.3",
      "webpack": "^4.34.0",
      "webpack-cli": "^3.3.4",
      "webpack-dev-server": "^3.7.1"
    }
  }

yarn manifest: 
  No manifest

Lockfile: 
  No lockfile
